Loaded 56 existing records
Resuming after: 10/12/2023
Connected to: https://www.heathandco.com/EmployeeAccess/DepartmentSchedule/?timestamp=1774623705
Checkpoint: 10/19/2023 | 92 records | 7 days
Checkpoint: 10/26/2023 | 110 records | 14 days
Checkpoint: 11/02/2023 | 126 records | 21 days
Checkpoint: 11/09/2023 | 171 records | 28 days
Checkpoint: 11/16/2023 | 228 records | 35 days
Checkpoint: 11/23/2023 | 274 records | 42 days
Checkpoint: 11/30/2023 | 319 records | 49 days
Checkpoint: 12/07/2023 | 374 records | 56 days
Checkpoint: 12/14/2023 | 432 records | 63 days
Checkpoint: 12/21/2023 | 496 records | 70 days
Checkpoint: 12/28/2023 | 560 records | 77 days
Checkpoint: 01/04/2024 | 622 records | 84 days
Checkpoint: 01/11/2024 | 685 records | 91 days
Checkpoint: 01/18/2024 | 749 records | 98 days
Checkpoint: 01/25/2024 | 812 records | 105 days
Checkpoint: 02/01/2024 | 875 records | 112 days
Checkpoint: 02/08/2024 | 938 records | 119 days
Checkpoint: 02/15/2024 | 1000 records | 126 days
Checkpoint: 02/22/2024 | 1060 records | 133 days
Checkpoint: 02/29/2024 | 1123 records | 140 days
Checkpoint: 03/07/2024 | 1189 records | 147 days
Checkpoint: 03/14/2024 | 1246 records | 154 days
Checkpoint: 03/21/2024 | 1302 records | 161 days
Checkpoint: 03/28/2024 | 1358 records | 168 days
Checkpoint: 04/04/2024 | 1414 records | 175 days
Checkpoint: 04/11/2024 | 1469 records | 182 days
Checkpoint: 04/18/2024 | 1524 records | 189 days
Checkpoint: 04/25/2024 | 1580 records | 196 days
Checkpoint: 05/02/2024 | 1637 records | 203 days
Checkpoint: 05/09/2024 | 1692 records | 210 days
Checkpoint: 05/16/2024 | 1748 records | 217 days
Checkpoint: 05/23/2024 | 1804 records | 224 days
Checkpoint: 05/30/2024 | 1862 records | 231 days
Checkpoint: 06/06/2024 | 1923 records | 238 days
Checkpoint: 06/13/2024 | 1982 records | 245 days
Checkpoint: 06/20/2024 | 2040 records | 252 days
Checkpoint: 06/27/2024 | 2097 records | 259 days
Checkpoint: 07/04/2024 | 2155 records | 266 days
Checkpoint: 07/11/2024 | 2212 records | 273 days
Checkpoint: 07/18/2024 | 2274 records | 280 days
Checkpoint: 07/25/2024 | 2329 records | 287 days
Checkpoint: 08/01/2024 | 2385 records | 294 days
Checkpoint: 08/08/2024 | 2441 records | 301 days
Checkpoint: 08/15/2024 | 2482 records | 308 days
Checkpoint: 08/22/2024 | 2520 records | 315 days
Checkpoint: 08/29/2024 | 2575 records | 322 days
Checkpoint: 09/05/2024 | 2626 records | 329 days
Checkpoint: 09/12/2024 | 2677 records | 336 days
Checkpoint: 09/19/2024 | 2733 records | 343 days
Checkpoint: 09/26/2024 | 2785 records | 350 days
Checkpoint: 10/03/2024 | 2841 records | 357 days
Checkpoint: 10/10/2024 | 2894 records | 364 days
Checkpoint: 10/17/2024 | 2943 records | 371 days
Checkpoint: 10/24/2024 | 3002 records | 378 days
Checkpoint: 10/31/2024 | 3058 records | 385 days
Checkpoint: 11/07/2024 | 3120 records | 392 days
Checkpoint: 11/14/2024 | 3183 records | 399 days
Checkpoint: 11/21/2024 | 3245 records | 406 days
Checkpoint: 11/28/2024 | 3308 records | 413 days
Checkpoint: 12/05/2024 | 3376 records | 420 days
Checkpoint: 12/12/2024 | 3447 records | 427 days
Checkpoint: 12/19/2024 | 3516 records | 434 days
Checkpoint: 12/26/2024 | 3587 records | 441 days
Checkpoint: 01/02/2025 | 3656 records | 448 days
Checkpoint: 01/09/2025 | 3727 records | 455 days
Checkpoint: 01/16/2025 | 3795 records | 462 days
Checkpoint: 01/23/2025 | 3865 records | 469 days
Checkpoint: 01/30/2025 | 3940 records | 476 days
Checkpoint: 02/06/2025 | 4002 records | 483 days
Checkpoint: 02/13/2025 | 4060 records | 490 days
Checkpoint: 02/20/2025 | 4115 records | 497 days
Checkpoint: 02/27/2025 | 4168 records | 504 days
Checkpoint: 03/06/2025 | 4226 records | 511 days
Checkpoint: 03/13/2025 | 4286 records | 518 days
Checkpoint: 03/20/2025 | 4343 records | 525 days
Checkpoint: 03/27/2025 | 4403 records | 532 days
Checkpoint: 04/03/2025 | 4465 records | 539 days
Checkpoint: 04/10/2025 | 4531 records | 546 days
Checkpoint: 04/17/2025 | 4596 records | 553 days
Checkpoint: 04/24/2025 | 4675 records | 560 days
Checkpoint: 05/01/2025 | 4749 records | 567 days
Checkpoint: 05/08/2025 | 4820 records | 574 days
Checkpoint: 05/15/2025 | 4882 records | 581 days
Checkpoint: 05/22/2025 | 4952 records | 588 days
Checkpoint: 05/29/2025 | 5031 records | 595 days
Checkpoint: 06/05/2025 | 5103 records | 602 days
Checkpoint: 06/12/2025 | 5171 records | 609 days
Checkpoint: 06/19/2025 | 5239 records | 616 days
Checkpoint: 06/26/2025 | 5319 records | 623 days
Checkpoint: 07/03/2025 | 5391 records | 630 days
Checkpoint: 07/10/2025 | 5455 records | 637 days
Checkpoint: 07/17/2025 | 5513 records | 644 days
Checkpoint: 07/24/2025 | 5576 records | 651 days
Checkpoint: 07/31/2025 | 5641 records | 658 days
Checkpoint: 08/07/2025 | 5702 records | 665 days
Checkpoint: 08/14/2025 | 5768 records | 672 days
Checkpoint: 08/21/2025 | 5834 records | 679 days
Checkpoint: 08/28/2025 | 5894 records | 686 days
Checkpoint: 09/04/2025 | 5961 records | 693 days
Checkpoint: 09/11/2025 | 6038 records | 700 days
Checkpoint: 09/18/2025 | 6108 records | 707 days
Checkpoint: 09/25/2025 | 6195 records | 714 days
Checkpoint: 10/02/2025 | 6290 records | 721 days
Checkpoint: 10/09/2025 | 6381 records | 728 days
Checkpoint: 10/16/2025 | 6468 records | 735 days
Checkpoint: 10/23/2025 | 6560 records | 742 days
Checkpoint: 10/30/2025 | 6652 records | 749 days
Checkpoint: 11/06/2025 | 6745 records | 756 days
Checkpoint: 11/13/2025 | 6837 records | 763 days
Checkpoint: 11/20/2025 | 6924 records | 770 days
Checkpoint: 11/27/2025 | 7015 records | 777 days
Checkpoint: 12/04/2025 | 7106 records | 784 days
Checkpoint: 12/11/2025 | 7193 records | 791 days
Checkpoint: 12/18/2025 | 7296 records | 798 days
Checkpoint: 12/25/2025 | 7386 records | 805 days
Checkpoint: 01/01/2026 | 7474 records | 812 days
Checkpoint: 01/08/2026 | 7564 records | 819 days
Checkpoint: 01/15/2026 | 7654 records | 826 days
Checkpoint: 01/22/2026 | 7742 records | 833 days
Checkpoint: 01/29/2026 | 7835 records | 840 days
Checkpoint: 02/05/2026 | 7924 records | 847 days
Checkpoint: 02/12/2026 | 8015 records | 854 days
Checkpoint: 02/19/2026 | 8112 records | 861 days
Checkpoint: 02/26/2026 | 8207 records | 868 days
Checkpoint: 03/05/2026 | 8297 records | 875 days
Checkpoint: 03/12/2026 | 8386 records | 882 days
Checkpoint: 03/19/2026 | 8480 records | 889 days
Checkpoint: 03/26/2026 | 8569 records | 896 days

Done! Total: 8583 records over 897 days
